2017-09-19 17:43:49  INFO 内存检测正常
2017-09-19 17:43:49  INFO tefkajlkjstnode(mem) :状态未发生异常
2017-09-19 17:43:50  ERROR 上报错误(tefkajlkjstnode)
2017-09-19 17:43:50  INFO 磁盘检测正常
2017-09-19 17:43:50  INFO 'tefkajlkjstnode':报警次数已达上限('report')
2017-09-19 17:43:50  INFO tefkajlkjstnode(disk) :状态未发生异常
2017-09-19 17:43:52  INFO 内存检测正常
2017-09-19 17:43:52  INFO tefkajlkjstnode(mem) :状态未发生异常
2017-09-19 17:43:55  ERROR 上报错误(tefkajlkjstnode)
2017-09-19 17:43:55  INFO 进程检测正常
2017-09-19 17:43:55  INFO 内存检测正常
2017-09-19 17:43:55  INFO 磁盘检测正常
2017-09-19 17:43:55  INFO tefkajlkjstnode :状态未发生异常
2017-09-19 17:43:55  INFO 'tefkajlkjstnode':报警次数已达上限('report')
2017-09-19 17:43:55  INFO tefkajlkjstnode(mem) :状态未发生异常
2017-09-19 17:43:55  INFO tefkajlkjstnode(disk) :状态未发生异常
2017-09-19 17:43:58  INFO 内存检测正常
2017-09-19 17:43:58  INFO tefkajlkjstnode(mem) :状态未发生异常
2017-09-19 17:44:00  ERROR 上报错误(tefkajlkjstnode)
2017-09-19 17:44:00  INFO 磁盘检测正常
2017-09-19 17:44:00  INFO 'tefkajlkjstnode':报警次数已达上限('report')
2017-09-19 17:44:00  INFO tefkajlkjstnode(disk) :状态未发生异常
2017-09-19 17:44:01  INFO 内存检测正常
2017-09-19 17:44:01  INFO tefkajlkjstnode(mem) :状态未发生异常
2017-09-19 17:44:04  INFO 内存检测正常
2017-09-19 17:44:04  INFO tefkajlkjstnode(mem) :状态未发生异常
2017-09-19 17:44:05  INFO 进程检测正常
2017-09-19 17:44:05  ERROR 上报错误(tefkajlkjstnode)
2017-09-19 17:44:05  INFO tefkajlkjstnode :状态未发生异常
2017-09-19 17:44:05  INFO 磁盘检测正常
2017-09-19 17:44:05  INFO 'tefkajlkjstnode':报警次数已达上限('report')
2017-09-19 17:44:05  INFO tefkajlkjstnode(disk) :状态未发生异常
2017-09-19 17:44:07  INFO 内存检测正常
2017-09-19 17:44:07  INFO tefkajlkjstnode(mem) :状态未发生异常
2017-09-19 17:44:10  ERROR 上报错误(tefkajlkjstnode)
2017-09-19 17:44:10  INFO 内存检测正常
2017-09-19 17:44:10  INFO 磁盘检测正常
2017-09-19 17:44:10  INFO 'tefkajlkjstnode':报警次数已达上限('report')
2017-09-19 17:44:10  INFO tefkajlkjstnode(disk) :状态未发生异常
2017-09-19 17:44:10  INFO tefkajlkjstnode(mem) :状态未发生异常
2017-09-19 17:44:13  INFO 内存检测正常
2017-09-19 17:44:13  INFO tefkajlkjstnode(mem) :状态未发生异常
2017-09-19 17:44:15  ERROR 上报错误(tefkajlkjstnode)
2017-09-19 17:44:15  INFO 进程检测正常
2017-09-19 17:44:15  INFO 磁盘检测正常
2017-09-19 17:44:15  INFO tefkajlkjstnode :状态未发生异常
2017-09-19 17:44:15  INFO tefkajlkjstnode(disk) :状态未发生异常
2017-09-19 17:44:15  INFO 'tefkajlkjstnode':报警次数已达上限('report')
2017-09-19 17:44:16  INFO 内存检测正常
2017-09-19 17:44:16  INFO tefkajlkjstnode(mem) :状态未发生异常
2017-09-19 17:44:19  INFO 内存检测正常
2017-09-19 17:44:19  INFO tefkajlkjstnode(mem) :状态未发生异常
2017-09-19 17:44:20  ERROR 上报错误(tefkajlkjstnode)
2017-09-19 17:44:20  INFO 磁盘检测正常
2017-09-19 17:44:20  INFO tefkajlkjstnode(disk) :状态未发生异常
2017-09-19 17:44:20  INFO 'tefkajlkjstnode':报警次数已达上限('report')
2017-09-19 17:44:22  INFO 内存检测正常
2017-09-19 17:44:22  INFO tefkajlkjstnode(mem) :状态未发生异常
2017-09-19 17:44:25  ERROR 上报错误(tefkajlkjstnode)
2017-09-19 17:44:25  INFO 进程检测正常
2017-09-19 17:44:25  INFO 内存检测正常
2017-09-19 17:44:25  INFO 磁盘检测正常
2017-09-19 17:44:25  INFO tefkajlkjstnode :状态未发生异常
2017-09-19 17:44:25  INFO 'tefkajlkjstnode':报警次数已达上限('report')
2017-09-19 17:44:25  INFO tefkajlkjstnode(mem) :状态未发生异常
2017-09-19 17:44:25  INFO tefkajlkjstnode(disk) :状态未发生异常
2017-09-19 17:44:28  INFO 内存检测正常
2017-09-19 17:44:28  INFO tefkajlkjstnode(mem) :状态未发生异常
2017-09-19 17:44:30  ERROR 上报错误(tefkajlkjstnode)
2017-09-19 17:44:30  INFO 磁盘检测正常
2017-09-19 17:44:30  INFO 'tefkajlkjstnode':报警次数已达上限('report')
2017-09-19 17:44:30  INFO tefkajlkjstnode(disk) :状态未发生异常
2017-09-19 17:44:31  INFO 内存检测正常
2017-09-19 17:44:31  INFO tefkajlkjstnode(mem) :状态未发生异常
2017-09-19 17:44:34  INFO 内存检测正常
2017-09-19 17:44:34  INFO tefkajlkjstnode(mem) :状态未发生异常
2017-09-19 17:44:35  ERROR 上报错误(tefkajlkjstnode)
2017-09-19 17:44:35  INFO 磁盘检测正常
2017-09-19 17:44:35  INFO 进程检测正常
2017-09-19 17:44:35  INFO tefkajlkjstnode(disk) :状态未发生异常
2017-09-19 17:44:35  INFO 'tefkajlkjstnode':报警次数已达上限('report')
2017-09-19 17:44:35  INFO tefkajlkjstnode :状态未发生异常
2017-09-19 17:44:37  INFO 内存检测正常
2017-09-19 17:44:37  INFO tefkajlkjstnode(mem) :状态未发生异常
2017-09-19 17:44:40  ERROR 上报错误(tefkajlkjstnode)
2017-09-19 17:44:40  INFO 内存检测正常
2017-09-19 17:44:40  INFO tefkajlkjstnode(mem) :状态未发生异常
2017-09-19 17:44:40  INFO 'tefkajlkjstnode':报警次数已达上限('report')
2017-09-19 17:44:40  INFO 磁盘检测正常
2017-09-19 17:44:40  INFO tefkajlkjstnode(disk) :状态未发生异常
2017-09-19 17:44:43  INFO 内存检测正常
2017-09-19 17:44:43  INFO tefkajlkjstnode(mem) :状态未发生异常
2017-09-19 17:44:45  ERROR 上报错误(tefkajlkjstnode)
2017-09-19 17:44:45  INFO 进程检测正常
2017-09-19 17:44:45  INFO 磁盘检测正常
2017-09-19 17:44:45  INFO tefkajlkjstnode :状态未发生异常
2017-09-19 17:44:45  INFO tefkajlkjstnode(disk) :状态未发生异常
2017-09-19 17:44:45  INFO 'tefkajlkjstnode':报警次数已达上限('report')
2017-09-19 17:44:46  INFO 内存检测正常
2017-09-19 17:44:46  INFO tefkajlkjstnode(mem) :状态未发生异常
2017-09-19 17:44:49  INFO 内存检测正常
2017-09-19 17:44:49  INFO tefkajlkjstnode(mem) :状态未发生异常
2017-09-19 17:44:49  INFO jobs.py has been modified,reboot
2017-09-19 17:44:55  INFO 内存检测正常
2017-09-19 17:44:55  INFO tefkajlkjstnode(mem) :状态未发生异常
2017-09-19 17:44:57  INFO 磁盘检测正常
2017-09-19 17:44:57  INFO tefkajlkjstnode(disk) :状态未发生异常
2017-09-19 17:44:57  ERROR 上报超时(tefkajlkjstnode)
2017-09-19 17:44:57  INFO 'tefkajlkjstnode':报警次数已达上限('report')
2017-09-19 17:44:58  INFO 内存检测正常
2017-09-19 17:44:58  INFO tefkajlkjstnode(mem) :状态未发生异常
2017-09-19 17:45:01  INFO 内存检测正常
2017-09-19 17:45:01  INFO tefkajlkjstnode(mem) :状态未发生异常
2017-09-19 17:45:03  INFO 进程检测正常
2017-09-19 17:45:03  INFO tefkajlkjstnode :状态未发生异常
2017-09-19 17:45:03  INFO 磁盘检测正常
2017-09-19 17:45:03  INFO tefkajlkjstnode(disk) :状态未发生异常
2017-09-19 17:45:03  ERROR 上报超时(tefkajlkjstnode)
2017-09-19 17:45:03  INFO 'tefkajlkjstnode':报警次数已达上限('report')
2017-09-19 17:45:04  INFO 内存检测正常
2017-09-19 17:45:04  INFO tefkajlkjstnode(mem) :状态未发生异常
2017-09-19 17:45:07  INFO 磁盘检测正常
2017-09-19 17:45:07  INFO 内存检测正常
2017-09-19 17:45:07  INFO tefkajlkjstnode(disk) :状态未发生异常
2017-09-19 17:45:07  INFO tefkajlkjstnode(mem) :状态未发生异常
2017-09-19 17:45:07  ERROR 上报超时(tefkajlkjstnode)
2017-09-19 17:45:07  INFO 'tefkajlkjstnode':报警次数已达上限('report')
2017-09-19 17:45:10  INFO 内存检测正常
2017-09-19 17:45:10  INFO tefkajlkjstnode(mem) :状态未发生异常
2017-09-19 17:45:12  ERROR 上报超时(tefkajlkjstnode)
2017-09-19 17:45:12  INFO 进程检测正常
2017-09-19 17:45:12  INFO 磁盘检测正常
2017-09-19 17:45:12  INFO tefkajlkjstnode(disk) :状态未发生异常
2017-09-19 17:45:12  INFO tefkajlkjstnode :状态未发生异常
2017-09-19 17:45:12  INFO 'tefkajlkjstnode':报警次数已达上限('report')
2017-09-19 17:45:13  INFO 内存检测正常
2017-09-19 17:45:13  INFO tefkajlkjstnode(mem) :状态未发生异常
2017-09-19 17:45:16  INFO 内存检测正常
2017-09-19 17:45:16  INFO tefkajlkjstnode(mem) :状态未发生异常
2017-09-19 17:45:17  ERROR 上报超时(tefkajlkjstnode)
2017-09-19 17:45:17  INFO 磁盘检测正常
2017-09-19 17:45:17  INFO tefkajlkjstnode(disk) :状态未发生异常
2017-09-19 17:45:17  INFO 'tefkajlkjstnode':报警次数已达上限('report')
2017-09-19 17:45:19  INFO 内存检测正常
2017-09-19 17:45:19  INFO tefkajlkjstnode(mem) :状态未发生异常
2017-09-19 17:45:22  ERROR 上报超时(tefkajlkjstnode)
2017-09-19 17:45:22  INFO 进程检测正常
2017-09-19 17:45:22  INFO 内存检测正常
2017-09-19 17:45:22  INFO 磁盘检测正常
2017-09-19 17:45:22  INFO tefkajlkjstnode :状态未发生异常
2017-09-19 17:45:22  INFO 'tefkajlkjstnode':报警次数已达上限('report')
2017-09-19 17:45:22  INFO tefkajlkjstnode(mem) :状态未发生异常
2017-09-19 17:45:22  INFO tefkajlkjstnode(disk) :状态未发生异常
2017-09-19 17:45:25  INFO 内存检测正常
2017-09-19 17:45:25  INFO tefkajlkjstnode(mem) :状态未发生异常
2017-09-19 17:45:27  ERROR 上报超时(tefkajlkjstnode)
2017-09-19 17:45:27  INFO 磁盘检测正常
2017-09-19 17:45:27  INFO 'tefkajlkjstnode':报警次数已达上限('report')
2017-09-19 17:45:27  INFO tefkajlkjstnode(disk) :状态未发生异常
2017-09-19 17:45:28  INFO 内存检测正常
2017-09-19 17:45:28  INFO tefkajlkjstnode(mem) :状态未发生异常
2017-09-19 17:45:31  INFO 内存检测正常
2017-09-19 17:45:31  INFO tefkajlkjstnode(mem) :状态未发生异常
2017-09-19 17:45:32  ERROR 上报超时(tefkajlkjstnode)
2017-09-19 17:45:32  INFO 进程检测正常
2017-09-19 17:45:32  INFO 磁盘检测正常
2017-09-19 17:45:32  INFO tefkajlkjstnode :状态未发生异常
2017-09-19 17:45:32  INFO 'tefkajlkjstnode':报警次数已达上限('report')
2017-09-19 17:45:32  INFO tefkajlkjstnode(disk) :状态未发生异常
2017-09-19 17:45:34  INFO 内存检测正常
2017-09-19 17:45:34  INFO tefkajlkjstnode(mem) :状态未发生异常
2017-09-19 17:45:37  ERROR 上报超时(tefkajlkjstnode)
2017-09-19 17:45:37  INFO 内存检测正常
2017-09-19 17:45:37  INFO 磁盘检测正常
2017-09-19 17:45:37  INFO tefkajlkjstnode(disk) :状态未发生异常
2017-09-19 17:45:37  INFO tefkajlkjstnode(mem) :状态未发生异常
2017-09-19 17:45:37  INFO 'tefkajlkjstnode':报警次数已达上限('report')
2017-09-19 17:45:40  INFO 内存检测正常
2017-09-19 17:45:40  INFO tefkajlkjstnode(mem) :状态未发生异常
2017-09-19 17:45:42  ERROR 上报超时(tefkajlkjstnode)
2017-09-19 17:45:42  INFO 进程检测正常
2017-09-19 17:45:42  INFO tefkajlkjstnode :状态未发生异常
2017-09-19 17:45:42  INFO 磁盘检测正常
2017-09-19 17:45:42  INFO 'tefkajlkjstnode':报警次数已达上限('report')
2017-09-19 17:45:42  INFO tefkajlkjstnode(disk) :状态未发生异常
2017-09-19 17:45:43  INFO 内存检测正常
2017-09-19 17:45:43  INFO tefkajlkjstnode(mem) :状态未发生异常
2017-09-19 17:45:46  INFO 内存检测正常
2017-09-19 17:45:46  INFO tefkajlkjstnode(mem) :状态未发生异常
2017-09-19 17:45:47  ERROR 上报超时(tefkajlkjstnode)
2017-09-19 17:45:47  INFO 磁盘检测正常
2017-09-19 17:45:47  INFO tefkajlkjstnode(disk) :状态未发生异常
2017-09-19 17:45:47  INFO 'tefkajlkjstnode':报警次数已达上限('report')
2017-09-19 17:45:49  INFO 内存检测正常
2017-09-19 17:45:49  INFO tefkajlkjstnode(mem) :状态未发生异常
2017-09-19 17:45:52  INFO 进程检测正常
2017-09-19 17:45:52  INFO 磁盘检测正常
2017-09-19 17:45:52  ERROR 上报超时(tefkajlkjstnode)
2017-09-19 17:45:52  INFO 内存检测正常
2017-09-19 17:45:52  INFO tefkajlkjstnode :状态未发生异常
2017-09-19 17:45:52  INFO tefkajlkjstnode(disk) :状态未发生异常
2017-09-19 17:45:52  INFO tefkajlkjstnode(mem) :状态未发生异常
2017-09-19 17:45:52  INFO 'tefkajlkjstnode':报警次数已达上限('report')
2017-09-19 17:45:55  INFO 内存检测正常
2017-09-19 17:45:55  INFO tefkajlkjstnode(mem) :状态未发生异常
2017-09-19 17:45:57  ERROR 上报超时(tefkajlkjstnode)
2017-09-19 17:45:57  INFO 磁盘检测正常
2017-09-19 17:45:57  INFO tefkajlkjstnode(disk) :状态未发生异常
2017-09-19 17:45:57  INFO 'tefkajlkjstnode':报警次数已达上限('report')
2017-09-19 17:45:58  INFO 内存检测正常
2017-09-19 17:45:58  INFO tefkajlkjstnode(mem) :状态未发生异常
2017-09-19 17:46:01  INFO 内存检测正常
2017-09-19 17:46:01  INFO tefkajlkjstnode(mem) :状态未发生异常
2017-09-19 17:46:02  ERROR 上报超时(tefkajlkjstnode)
2017-09-19 17:46:02  INFO 进程检测正常
2017-09-19 17:46:02  INFO 磁盘检测正常
2017-09-19 17:46:02  INFO tefkajlkjstnode :状态未发生异常
2017-09-19 17:46:02  INFO 'tefkajlkjstnode':报警次数已达上限('report')
2017-09-19 17:46:02  INFO tefkajlkjstnode(disk) :状态未发生异常
2017-09-19 17:46:04  INFO 内存检测正常
2017-09-19 17:46:04  INFO tefkajlkjstnode(mem) :状态未发生异常
2017-09-19 17:46:07  ERROR 上报超时(tefkajlkjstnode)
2017-09-19 17:46:07  INFO 内存检测正常
2017-09-19 17:46:07  INFO 磁盘检测正常
2017-09-19 17:46:07  INFO 'tefkajlkjstnode':报警次数已达上限('report')
2017-09-19 17:46:07  INFO tefkajlkjstnode(mem) :状态未发生异常
2017-09-19 17:46:07  INFO tefkajlkjstnode(disk) :状态未发生异常
2017-09-19 17:46:10  INFO 内存检测正常
2017-09-19 17:46:10  INFO tefkajlkjstnode(mem) :状态未发生异常
2017-09-19 17:46:12  ERROR 上报超时(tefkajlkjstnode)
2017-09-19 17:46:12  INFO 进程检测正常
2017-09-19 17:46:12  INFO 磁盘检测正常
2017-09-19 17:46:12  INFO tefkajlkjstnode :状态未发生异常
2017-09-19 17:46:12  INFO 'tefkajlkjstnode':报警次数已达上限('report')
2017-09-19 17:46:12  INFO tefkajlkjstnode(disk) :状态未发生异常
2017-09-19 17:46:13  INFO 内存检测正常
2017-09-19 17:46:13  INFO tefkajlkjstnode(mem) :状态未发生异常
2017-09-19 17:46:16  INFO 内存检测正常
2017-09-19 17:46:16  INFO tefkajlkjstnode(mem) :状态未发生异常
2017-09-19 17:46:17  ERROR 上报超时(tefkajlkjstnode)
2017-09-19 17:46:17  INFO 'tefkajlkjstnode':报警次数已达上限('report')
2017-09-19 17:46:17  INFO 磁盘检测正常
2017-09-19 17:46:17  INFO tefkajlkjstnode(disk) :状态未发生异常
2017-09-19 17:46:19  INFO 内存检测正常
2017-09-19 17:46:19  INFO tefkajlkjstnode(mem) :状态未发生异常
2017-09-19 17:46:22  ERROR 上报超时(tefkajlkjstnode)
2017-09-19 17:46:22  INFO 进程检测正常
2017-09-19 17:46:22  INFO tefkajlkjstnode :状态未发生异常
2017-09-19 17:46:22  INFO 内存检测正常
2017-09-19 17:46:22  INFO 磁盘检测正常
2017-09-19 17:46:22  INFO 'tefkajlkjstnode':报警次数已达上限('report')
2017-09-19 17:46:22  INFO tefkajlkjstnode(disk) :状态未发生异常
2017-09-19 17:46:22  INFO tefkajlkjstnode(mem) :状态未发生异常
2017-09-19 17:46:25  INFO 内存检测正常
2017-09-19 17:46:25  INFO tefkajlkjstnode(mem) :状态未发生异常
2017-09-19 17:46:27  ERROR 上报超时(tefkajlkjstnode)
2017-09-19 17:46:27  INFO 磁盘检测正常
2017-09-19 17:46:27  INFO 'tefkajlkjstnode':报警次数已达上限('report')
2017-09-19 17:46:27  INFO tefkajlkjstnode(disk) :状态未发生异常
2017-09-19 17:46:28  INFO 内存检测正常
2017-09-19 17:46:28  INFO tefkajlkjstnode(mem) :状态未发生异常
2017-09-19 17:46:31  INFO 内存检测正常
2017-09-19 17:46:31  INFO tefkajlkjstnode(mem) :状态未发生异常
2017-09-19 17:46:32  ERROR 上报超时(tefkajlkjstnode)
2017-09-19 17:46:32  INFO 进程检测正常
2017-09-19 17:46:32  INFO tefkajlkjstnode :状态未发生异常
2017-09-19 17:46:32  INFO 磁盘检测正常
2017-09-19 17:46:32  INFO 'tefkajlkjstnode':报警次数已达上限('report')
2017-09-19 17:46:32  INFO tefkajlkjstnode(disk) :状态未发生异常
2017-09-19 17:46:34  INFO 内存检测正常
2017-09-19 17:46:34  INFO tefkajlkjstnode(mem) :状态未发生异常
2017-09-19 17:46:37  ERROR 上报超时(tefkajlkjstnode)
2017-09-19 17:46:37  INFO 内存检测正常
2017-09-19 17:46:37  INFO 磁盘检测正常
2017-09-19 17:46:37  INFO 'tefkajlkjstnode':报警次数已达上限('report')
2017-09-19 17:46:37  INFO tefkajlkjstnode(mem) :状态未发生异常
2017-09-19 17:46:37  INFO tefkajlkjstnode(disk) :状态未发生异常
2017-09-19 17:46:40  INFO 内存检测正常
2017-09-19 17:46:40  INFO tefkajlkjstnode(mem) :状态未发生异常
2017-09-19 17:46:42  INFO 进程检测正常
2017-09-19 17:46:42  ERROR 上报超时(tefkajlkjstnode)
2017-09-19 17:46:42  INFO 磁盘检测正常
2017-09-19 17:46:42  INFO tefkajlkjstnode :状态未发生异常
2017-09-19 17:46:42  INFO tefkajlkjstnode(disk) :状态未发生异常
2017-09-19 17:46:42  INFO 'tefkajlkjstnode':报警次数已达上限('report')
2017-09-19 17:46:43  INFO 内存检测正常
2017-09-19 17:46:43  INFO tefkajlkjstnode(mem) :状态未发生异常
2017-09-19 17:46:46  INFO 内存检测正常
2017-09-19 17:46:46  INFO tefkajlkjstnode(mem) :状态未发生异常
2017-09-19 17:46:47  INFO 磁盘检测正常
2017-09-19 17:46:47  INFO tefkajlkjstnode(disk) :状态未发生异常
2017-09-19 17:46:47  ERROR 上报超时(tefkajlkjstnode)
2017-09-19 17:46:47  INFO {'msgtype': 'text', 'agentid': u'1000006', 'touser': '@all', 'text': {'content': 'report:\xe4\xb8\x8a\xe6\x8a\xa5\xe8\xb6\x85\xe6\x97\xb6(tefkajlkjstnode)'}}
2017-09-19 17:46:49  INFO 内存检测正常
2017-09-19 17:46:49  INFO tefkajlkjstnode(mem) :状态未发生异常
2017-09-19 17:46:52  INFO 进程检测正常
2017-09-19 17:46:52  INFO 磁盘检测正常
2017-09-19 17:46:52  INFO 内存检测正常
2017-09-19 17:46:52  INFO tefkajlkjstnode(proc) :状态未发生异常
2017-09-19 17:46:52  INFO tefkajlkjstnode(disk) :状态未发生异常
2017-09-19 17:46:52  INFO tefkajlkjstnode(mem) :状态未发生异常
2017-09-19 17:46:52  ERROR 上报超时(tefkajlkjstnode)
2017-09-19 17:46:52  INFO {'msgtype': 'text', 'agentid': u'1000006', 'touser': '@all', 'text': {'content': 'report:\xe4\xb8\x8a\xe6\x8a\xa5\xe8\xb6\x85\xe6\x97\xb6(tefkajlkjstnode)'}}
2017-09-19 17:46:53  INFO 报警正常
2017-09-19 17:46:53  INFO 'tefkajlkjstnode' type('report') 数据更新成功
2017-09-19 17:46:55  INFO 内存检测正常
2017-09-19 17:46:55  INFO tefkajlkjstnode(mem) :状态未发生异常
2017-09-19 17:46:57  ERROR 上报超时(tefkajlkjstnode)
2017-09-19 17:46:57  INFO 磁盘检测正常
2017-09-19 17:46:57  INFO {'msgtype': 'text', 'agentid': u'1000006', 'touser': '@all', 'text': {'content': 'report:\xe4\xb8\x8a\xe6\x8a\xa5\xe8\xb6\x85\xe6\x97\xb6(tefkajlkjstnode)'}}
2017-09-19 17:46:57  INFO tefkajlkjstnode(disk) :状态未发生异常
2017-09-19 17:46:58  INFO 报警正常
2017-09-19 17:46:58  INFO 'tefkajlkjstnode' type('report') 数据更新成功
2017-09-19 17:46:58  INFO 报警正常
2017-09-19 17:46:58  INFO 'tefkajlkjstnode' type('report') 数据更新成功
2017-09-19 17:46:58  INFO 内存检测正常
2017-09-19 17:46:58  INFO tefkajlkjstnode(mem) :状态未发生异常
2017-09-19 17:47:01  INFO 内存检测正常
2017-09-19 17:47:01  INFO tefkajlkjstnode(mem) :状态未发生异常
2017-09-19 17:47:02  ERROR 上报超时(tefkajlkjstnode)
2017-09-19 17:47:02  INFO 进程检测正常
2017-09-19 17:47:02  INFO 磁盘检测正常
2017-09-19 17:47:02  INFO tefkajlkjstnode(proc) :状态未发生异常
2017-09-19 17:47:02  INFO {'msgtype': 'text', 'agentid': u'1000006', 'touser': '@all', 'text': {'content': 'report:\xe4\xb8\x8a\xe6\x8a\xa5\xe8\xb6\x85\xe6\x97\xb6(tefkajlkjstnode)'}}
2017-09-19 17:47:02  INFO tefkajlkjstnode(disk) :状态未发生异常
2017-09-19 17:47:04  INFO 内存检测正常
2017-09-19 17:47:04  INFO tefkajlkjstnode(mem) :状态未发生异常
2017-09-19 17:47:07  ERROR 上报超时(tefkajlkjstnode)
2017-09-19 17:47:07  INFO 内存检测正常
2017-09-19 17:47:07  INFO 磁盘检测正常
2017-09-19 17:47:07  INFO tefkajlkjstnode(mem) :状态未发生异常
2017-09-19 17:47:07  INFO tefkajlkjstnode(disk) :状态未发生异常
2017-09-19 17:47:07  INFO {'msgtype': 'text', 'agentid': u'1000006', 'touser': '@all', 'text': {'content': 'report:\xe4\xb8\x8a\xe6\x8a\xa5\xe8\xb6\x85\xe6\x97\xb6(tefkajlkjstnode)'}}
2017-09-19 17:47:08  INFO 报警正常
2017-09-19 17:47:08  INFO 'tefkajlkjstnode' type('report') 数据更新成功
2017-09-19 17:47:08  INFO 报警正常
2017-09-19 17:47:08  INFO 'tefkajlkjstnode' type('report') 数据更新成功
2017-09-19 17:47:10  INFO 内存检测正常
2017-09-19 17:47:10  INFO tefkajlkjstnode(mem) :状态未发生异常
2017-09-19 17:47:12  ERROR 上报超时(tefkajlkjstnode)
2017-09-19 17:47:12  INFO 进程检测正常
2017-09-19 17:47:12  INFO 磁盘检测正常
2017-09-19 17:47:12  INFO tefkajlkjstnode(proc) :状态未发生异常
2017-09-19 17:47:12  INFO {'msgtype': 'text', 'agentid': u'1000006', 'touser': '@all', 'text': {'content': 'report:\xe4\xb8\x8a\xe6\x8a\xa5\xe8\xb6\x85\xe6\x97\xb6(tefkajlkjstnode)'}}
2017-09-19 17:47:12  INFO tefkajlkjstnode(disk) :状态未发生异常
2017-09-19 17:47:13  INFO 内存检测正常
2017-09-19 17:47:13  INFO tefkajlkjstnode(mem) :状态未发生异常
2017-09-19 17:47:13  INFO 报警正常
2017-09-19 17:47:13  INFO 'tefkajlkjstnode' type('report') 数据更新成功
2017-09-19 17:47:16  INFO 内存检测正常
2017-09-19 17:47:16  INFO tefkajlkjstnode(mem) :状态未发生异常
2017-09-19 17:47:17  ERROR 上报超时(tefkajlkjstnode)
2017-09-19 17:47:17  INFO 磁盘检测正常
2017-09-19 17:47:17  INFO {'msgtype': 'text', 'agentid': u'1000006', 'touser': '@all', 'text': {'content': 'report:\xe4\xb8\x8a\xe6\x8a\xa5\xe8\xb6\x85\xe6\x97\xb6(tefkajlkjstnode)'}}
2017-09-19 17:47:17  INFO tefkajlkjstnode(disk) :状态未发生异常
2017-09-19 17:47:19  INFO 内存检测正常
2017-09-19 17:47:19  INFO tefkajlkjstnode(mem) :状态未发生异常
2017-09-19 17:47:22  INFO 进程检测正常
2017-09-19 17:47:22  INFO 内存检测正常
2017-09-19 17:47:22  INFO 磁盘检测正常
2017-09-19 17:47:22  INFO tefkajlkjstnode(proc) :状态未发生异常
2017-09-19 17:47:22  INFO tefkajlkjstnode(disk) :状态未发生异常
2017-09-19 17:47:22  INFO tefkajlkjstnode(mem) :状态未发生异常
2017-09-19 17:47:22  ERROR 上报超时(tefkajlkjstnode)
2017-09-19 17:47:22  INFO {'msgtype': 'text', 'agentid': u'1000006', 'touser': '@all', 'text': {'content': 'report:\xe4\xb8\x8a\xe6\x8a\xa5\xe8\xb6\x85\xe6\x97\xb6(tefkajlkjstnode)'}}
2017-09-19 17:47:23  INFO 报警正常
2017-09-19 17:47:23  INFO 'tefkajlkjstnode' type('report') 数据更新成功
2017-09-19 17:47:23  INFO 报警正常
2017-09-19 17:47:23  INFO 'tefkajlkjstnode' type('report') 数据更新成功
2017-09-19 17:47:25  INFO 内存检测正常
2017-09-19 17:47:25  INFO tefkajlkjstnode(mem) :状态未发生异常
2017-09-19 17:47:27  ERROR 上报超时(tefkajlkjstnode)
2017-09-19 17:47:27  INFO 磁盘检测正常
2017-09-19 17:47:27  INFO {'msgtype': 'text', 'agentid': u'1000006', 'touser': '@all', 'text': {'content': 'report:\xe4\xb8\x8a\xe6\x8a\xa5\xe8\xb6\x85\xe6\x97\xb6(tefkajlkjstnode)'}}
2017-09-19 17:47:27  INFO tefkajlkjstnode(disk) :状态未发生异常
2017-09-19 17:47:28  INFO 报警正常
2017-09-19 17:47:28  INFO 'tefkajlkjstnode' type('report') 数据更新成功
2017-09-19 17:47:28  INFO 内存检测正常
2017-09-19 17:47:28  INFO tefkajlkjstnode(mem) :状态未发生异常
2017-09-19 17:47:31  INFO 内存检测正常
2017-09-19 17:47:31  INFO tefkajlkjstnode(mem) :状态未发生异常
2017-09-19 17:47:32  ERROR 上报超时(tefkajlkjstnode)
2017-09-19 17:47:32  INFO 进程检测正常
2017-09-19 17:47:32  INFO 磁盘检测正常
2017-09-19 17:47:32  INFO tefkajlkjstnode(proc) :状态未发生异常
2017-09-19 17:47:32  INFO tefkajlkjstnode(disk) :状态未发生异常
2017-09-19 17:47:32  INFO {'msgtype': 'text', 'agentid': u'1000006', 'touser': '@all', 'text': {'content': 'report(\xe5\xbd\x93\xe5\x89\x8d\xe6\x97\xb6\xe9\x97\xb4\xe6\x9c\x80\xe5\x90\x8e\xe4\xb8\x80\xe6\xac\xa1\xe6\x8a\xa5\xe8\xad\xa6):\xe4\xb8\x8a\xe6\x8a\xa5\xe8\xb6\x85\xe6\x97\xb6(tefkajlkjstnode)'}}
2017-09-19 17:47:33  INFO 报警正常
2017-09-19 17:47:33  INFO 'tefkajlkjstnode' type('report') 数据更新成功
2017-09-19 17:47:34  INFO 内存检测正常
2017-09-19 17:47:34  INFO tefkajlkjstnode(mem) :状态未发生异常
2017-09-19 17:47:37  ERROR 上报超时(tefkajlkjstnode)
2017-09-19 17:47:37  INFO 内存检测正常
2017-09-19 17:47:37  INFO 磁盘检测正常
2017-09-19 17:47:37  INFO tefkajlkjstnode(mem) :状态未发生异常
2017-09-19 17:47:37  INFO 'tefkajlkjstnode':报警次数已达上限('report')
2017-09-19 17:47:37  INFO tefkajlkjstnode(disk) :状态未发生异常
2017-09-19 17:47:40  INFO 内存检测正常
2017-09-19 17:47:40  INFO tefkajlkjstnode(mem) :状态未发生异常
2017-09-19 17:47:42  ERROR 上报超时(tefkajlkjstnode)
2017-09-19 17:47:42  INFO 进程检测正常
2017-09-19 17:47:42  INFO 磁盘检测正常
2017-09-19 17:47:42  INFO tefkajlkjstnode(proc) :状态未发生异常
2017-09-19 17:47:42  INFO tefkajlkjstnode(disk) :状态未发生异常
2017-09-19 17:47:42  INFO 'tefkajlkjstnode':报警次数已达上限('report')
2017-09-19 17:47:43  INFO 内存检测正常
2017-09-19 17:47:43  INFO tefkajlkjstnode(mem) :状态未发生异常
2017-09-19 17:47:46  INFO 内存检测正常
2017-09-19 17:47:46  INFO tefkajlkjstnode(mem) :状态未发生异常
2017-09-19 17:47:47  ERROR 上报超时(tefkajlkjstnode)
2017-09-19 17:47:47  INFO 磁盘检测正常
2017-09-19 17:47:47  INFO 'tefkajlkjstnode':报警次数已达上限('report')
2017-09-19 17:47:47  INFO tefkajlkjstnode(disk) :状态未发生异常
2017-09-19 17:47:49  INFO 内存检测正常
2017-09-19 17:47:49  INFO tefkajlkjstnode(mem) :状态未发生异常
2017-09-19 17:47:52  ERROR 上报超时(tefkajlkjstnode)
2017-09-19 17:47:52  INFO 进程检测正常
2017-09-19 17:47:52  INFO 磁盘检测正常
2017-09-19 17:47:52  INFO tefkajlkjstnode(proc) :状态未发生异常
2017-09-19 17:47:52  INFO 内存检测正常
2017-09-19 17:47:52  INFO 'tefkajlkjstnode':报警次数已达上限('report')
2017-09-19 17:47:52  INFO tefkajlkjstnode(disk) :状态未发生异常
2017-09-19 17:47:52  INFO tefkajlkjstnode(mem) :状态未发生异常
2017-09-19 17:47:55  INFO 内存检测正常
2017-09-19 17:47:55  INFO tefkajlkjstnode(mem) :状态未发生异常
2017-09-19 17:47:57  ERROR 上报超时(tefkajlkjstnode)
2017-09-19 17:47:57  INFO 'tefkajlkjstnode':报警次数已达上限('report')
2017-09-19 17:47:57  INFO 磁盘检测正常
2017-09-19 17:47:57  INFO tefkajlkjstnode(disk) :状态未发生异常
2017-09-19 17:47:58  INFO 内存检测正常
2017-09-19 17:47:58  INFO tefkajlkjstnode(mem) :状态未发生异常
2017-09-19 17:48:01  INFO 内存检测正常
2017-09-19 17:48:01  INFO tefkajlkjstnode(mem) :状态未发生异常
2017-09-19 17:48:02  ERROR 上报超时(tefkajlkjstnode)
2017-09-19 17:48:02  INFO 进程检测正常
2017-09-19 17:48:02  INFO tefkajlkjstnode(proc) :状态未发生异常
2017-09-19 17:48:02  INFO 磁盘检测正常
2017-09-19 17:48:02  INFO 'tefkajlkjstnode':报警次数已达上限('report')
2017-09-19 17:48:02  INFO tefkajlkjstnode(disk) :状态未发生异常
2017-09-19 17:48:04  INFO 内存检测正常
2017-09-19 17:48:04  INFO tefkajlkjstnode(mem) :状态未发生异常
2017-09-19 17:48:07  ERROR 上报超时(tefkajlkjstnode)
2017-09-19 17:48:07  INFO 内存检测正常
2017-09-19 17:48:07  INFO 磁盘检测正常
2017-09-19 17:48:07  INFO tefkajlkjstnode(mem) :状态未发生异常
2017-09-19 17:48:07  INFO tefkajlkjstnode(disk) :状态未发生异常
2017-09-19 17:48:07  INFO 'tefkajlkjstnode':报警次数已达上限('report')
2017-09-19 17:48:10  INFO 内存检测正常
2017-09-19 17:48:10  INFO tefkajlkjstnode(mem) :状态未发生异常
2017-09-19 17:48:12  ERROR 上报超时(tefkajlkjstnode)
2017-09-19 17:48:12  INFO 进程检测正常
2017-09-19 17:48:12  INFO tefkajlkjstnode(proc) :状态未发生异常
2017-09-19 17:48:12  INFO 磁盘检测正常
2017-09-19 17:48:12  INFO tefkajlkjstnode(disk) :状态未发生异常
2017-09-19 17:48:12  INFO 'tefkajlkjstnode':报警次数已达上限('report')
2017-09-19 17:48:13  INFO 内存检测正常
2017-09-19 17:48:13  INFO tefkajlkjstnode(mem) :状态未发生异常
2017-09-19 17:48:16  INFO 内存检测正常
2017-09-19 17:48:16  INFO tefkajlkjstnode(mem) :状态未发生异常
2017-09-19 17:48:17  ERROR 上报超时(tefkajlkjstnode)
2017-09-19 17:48:17  INFO 磁盘检测正常
2017-09-19 17:48:17  INFO tefkajlkjstnode(disk) :状态未发生异常
2017-09-19 17:48:17  INFO 'tefkajlkjstnode':报警次数已达上限('report')
2017-09-19 17:48:19  INFO 内存检测正常
2017-09-19 17:48:19  INFO tefkajlkjstnode(mem) :状态未发生异常
2017-09-19 17:48:22  ERROR 上报超时(tefkajlkjstnode)
2017-09-19 17:48:22  INFO 进程检测正常
2017-09-19 17:48:22  INFO 'tefkajlkjstnode':报警次数已达上限('report')
2017-09-19 17:48:22  INFO 内存检测正常
2017-09-19 17:48:22  INFO tefkajlkjstnode(proc) :状态未发生异常
2017-09-19 17:48:22  INFO tefkajlkjstnode(mem) :状态未发生异常
2017-09-19 17:48:22  INFO 磁盘检测正常
2017-09-19 17:48:22  INFO tefkajlkjstnode(disk) :状态未发生异常
2017-09-19 17:48:25  INFO 内存检测正常
2017-09-19 17:48:25  INFO tefkajlkjstnode(mem) :状态未发生异常
2017-09-19 17:48:27  ERROR 上报超时(tefkajlkjstnode)
2017-09-19 17:48:27  INFO 磁盘检测正常
2017-09-19 17:48:27  INFO 'tefkajlkjstnode':报警次数已达上限('report')
2017-09-19 17:48:27  INFO tefkajlkjstnode(disk) :状态未发生异常
2017-09-19 17:48:28  INFO 内存检测正常
2017-09-19 17:48:28  INFO tefkajlkjstnode(mem) :状态未发生异常
2017-09-19 17:48:31  INFO 内存检测正常
2017-09-19 17:48:31  INFO tefkajlkjstnode(mem) :状态未发生异常
2017-09-19 17:48:32  ERROR 上报超时(tefkajlkjstnode)
2017-09-19 17:48:32  INFO 进程检测正常
2017-09-19 17:48:32  INFO tefkajlkjstnode(proc) :状态未发生异常
2017-09-19 17:48:32  INFO 'tefkajlkjstnode':报警次数已达上限('report')
2017-09-19 17:48:32  INFO 磁盘检测正常
2017-09-19 17:48:32  INFO tefkajlkjstnode(disk) :状态未发生异常
2017-09-19 17:48:34  INFO 内存检测正常
2017-09-19 17:48:34  INFO tefkajlkjstnode(mem) :状态未发生异常
2017-09-19 17:48:37  ERROR 上报超时(tefkajlkjstnode)
2017-09-19 17:48:37  INFO 内存检测正常
2017-09-19 17:48:37  INFO tefkajlkjstnode(mem) :状态未发生异常
2017-09-19 17:48:37  INFO 'tefkajlkjstnode':报警次数已达上限('report')
2017-09-19 17:48:37  INFO 磁盘检测正常
2017-09-19 17:48:37  INFO tefkajlkjstnode(disk) :状态未发生异常
2017-09-19 17:48:40  INFO 内存检测正常
2017-09-19 17:48:40  INFO tefkajlkjstnode(mem) :状态未发生异常
2017-09-19 17:48:42  ERROR 上报超时(tefkajlkjstnode)
2017-09-19 17:48:42  INFO 进程检测正常
2017-09-19 17:48:42  INFO 磁盘检测正常
2017-09-19 17:48:42  INFO tefkajlkjstnode(proc) :状态未发生异常
2017-09-19 17:48:42  INFO tefkajlkjstnode(disk) :状态未发生异常
2017-09-19 17:48:42  INFO 'tefkajlkjstnode':报警次数已达上限('report')
2017-09-19 17:48:43  INFO 内存检测正常
2017-09-19 17:48:43  INFO tefkajlkjstnode(mem) :状态未发生异常
2017-09-19 17:48:46  INFO 内存检测正常
2017-09-19 17:48:46  INFO tefkajlkjstnode(mem) :状态未发生异常
2017-09-19 17:48:47  ERROR 上报超时(tefkajlkjstnode)
2017-09-19 17:48:47  INFO 磁盘检测正常
2017-09-19 17:48:47  INFO tefkajlkjstnode(disk) :状态未发生异常
2017-09-19 17:48:47  INFO 'tefkajlkjstnode':报警次数已达上限('report')
2017-09-19 17:48:49  INFO 内存检测正常
2017-09-19 17:48:49  INFO tefkajlkjstnode(mem) :状态未发生异常
